<?xml version="1.0" encoding="UTF-8"?>
<testsuite name="JUnit Jupiter" tests="16" skipped="0" failures="0" errors="1" time="0.077" hostname="machine-control" timestamp="2020-04-03T20:27:09">
<properties>
[...]
</properties>
<testcase name="should_ReturnCorrectBmiScore_When_CoderList()" classname="healthycoderapp.BMICalculatorTest" time="0.012">
<system-out><![CDATA[
unique-id: [engine:junit-jupiter]/[class:healthycoderapp.BMICalculatorTest]/[method:should_ReturnCorrectBmiScore_When_CoderList()]
display-name: should_ReturnCorrectBmiScore_When_CoderList()
]]></system-out>
</testcase>
<testcase name="should_ReturnCoderWithWorstBmiCoder_When_CoderListNotEmpty()" classname="healthycoderapp.BMICalculatorTest" time="0.005">
<system-out><![CDATA[
unique-id: [engine:junit-jupiter]/[class:healthycoderapp.BMICalculatorTest]/[method:should_ReturnCoderWithWorstBmiCoder_When_CoderListNotEmpty()]
display-name: should_ReturnCoderWithWorstBmiCoder_When_CoderListNotEmpty()
]]></system-out>
</testcase>
<testcase name="should_ReturnTrue_When_DietRecommended()" classname="healthycoderapp.BMICalculatorTest" time="0.003">
<error type="java.lang.ArithmeticException"><![CDATA[java.lang.ArithmeticException
	at healthycoderapp.BMICalculator.isDietRecommended(BMICalculator.java:11)
	at healthycoderapp.BMICalculatorTest.should_ReturnTrue_When_DietRecommended(BMICalculatorTest.java:18)
	at sun.reflect.NativeMethodAccessorImpl.invoke0(Native Method)
	at sun.reflect.NativeMethodAccessorImpl.invoke(NativeMethodAccessorImpl.java:62)
	at sun.reflect.DelegatingMethodAccessorImpl.invoke(DelegatingMethodAccessorImpl.java:43)
	at java.lang.reflect.Method.invoke(Method.java:498)
	at org.junit.platform.commons.util.ReflectionUtils.invokeMethod(ReflectionUtils.java:389)
	at org.junit.jupiter.engine.execution.ExecutableInvoker.invoke(ExecutableInvoker.java:115)
	at org.junit.jupiter.engine.descriptor.TestMethodTestDescriptor.lambda$invokeTestMethod$6(TestMethodTestDescriptor.java:167)
	at org.junit.jupiter.engine.execution.ThrowableCollector.execute(ThrowableCollector.java:40)
	at org.junit.jupiter.engine.descriptor.TestMethodTestDescriptor.invokeTestMethod(TestMethodTestDescriptor.java:163)
	at org.junit.jupiter.engine.descriptor.TestMethodTestDescriptor.execute(TestMethodTestDescriptor.java:110)
	at org.junit.jupiter.engine.descriptor.TestMethodTestDescriptor.execute(TestMethodTestDescriptor.java:57)
	at org.junit.platform.engine.support.hierarchical.HierarchicalTestExecutor.lambda$execute$3(HierarchicalTestExecutor.java:83)
	at org.junit.platform.engine.support.hierarchical.SingleTestExecutor.executeSafely(SingleTestExecutor.java:66)
	at org.junit.platform.engine.support.hierarchical.HierarchicalTestExecutor.execute(HierarchicalTestExecutor.java:77)
	at org.junit.platform.engine.support.hierarchical.HierarchicalTestExecutor.lambda$null$2(HierarchicalTestExecutor.java:92)
	at java.util.stream.ForEachOps$ForEachOp$OfRef.accept(ForEachOps.java:183)
	at java.util.stream.ReferencePipeline$2$1.accept(ReferencePipeline.java:175)
	at java.util.Iterator.forEachRemaining(Iterator.java:116)
	at java.util.Spliterators$IteratorSpliterator.forEachRemaining(Spliterators.java:1801)
	at java.util.stream.AbstractPipeline.copyInto(AbstractPipeline.java:482)
	at java.util.stream.AbstractPipeline.wrapAndCopyInto(AbstractPipeline.java:472)
	at java.util.stream.ForEachOps$ForEachOp.evaluateSequential(ForEachOps.java:150)
	at java.util.stream.ForEachOps$ForEachOp$OfRef.evaluateSequential(ForEachOps.java:173)
	at java.util.stream.AbstractPipeline.evaluate(AbstractPipeline.java:234)
	at java.util.stream.ReferencePipeline.forEach(ReferencePipeline.java:485)
	at org.junit.platform.engine.support.hierarchical.HierarchicalTestExecutor.lambda$execute$3(HierarchicalTestExecutor.java:92)
	at org.junit.platform.engine.support.hierarchical.SingleTestExecutor.executeSafely(SingleTestExecutor.java:66)
	at org.junit.platform.engine.support.hierarchical.HierarchicalTestExecutor.execute(HierarchicalTestExecutor.java:77)
	at org.junit.platform.engine.support.hierarchical.HierarchicalTestExecutor.lambda$null$2(HierarchicalTestExecutor.java:92)
	at java.util.stream.ForEachOps$ForEachOp$OfRef.accept(ForEachOps.java:183)
	at java.util.stream.ReferencePipeline$2$1.accept(ReferencePipeline.java:175)
	at java.util.Iterator.forEachRemaining(Iterator.java:116)
	at java.util.Spliterators$IteratorSpliterator.forEachRemaining(Spliterators.java:1801)
	at java.util.stream.AbstractPipeline.copyInto(AbstractPipeline.java:482)
	at java.util.stream.AbstractPipeline.wrapAndCopyInto(AbstractPipeline.java:472)
	at java.util.stream.ForEachOps$ForEachOp.evaluateSequential(ForEachOps.java:150)
	at java.util.stream.ForEachOps$ForEachOp$OfRef.evaluateSequential(ForEachOps.java:173)
	at java.util.stream.AbstractPipeline.evaluate(AbstractPipeline.java:234)
	at java.util.stream.ReferencePipeline.forEach(ReferencePipeline.java:485)
	at org.junit.platform.engine.support.hierarchical.HierarchicalTestExecutor.lambda$execute$3(HierarchicalTestExecutor.java:92)
	at org.junit.platform.engine.support.hierarchical.SingleTestExecutor.executeSafely(SingleTestExecutor.java:66)
	at org.junit.platform.engine.support.hierarchical.HierarchicalTestExecutor.execute(HierarchicalTestExecutor.java:77)
	at org.junit.platform.engine.support.hierarchical.HierarchicalTestExecutor.execute(HierarchicalTestExecutor.java:51)
	at org.junit.platform.engine.support.hierarchical.HierarchicalTestEngine.execute(HierarchicalTestEngine.java:43)
	at org.junit.platform.launcher.core.DefaultLauncher.execute(DefaultLauncher.java:170)
	at org.junit.platform.launcher.core.DefaultLauncher.execute(DefaultLauncher.java:154)
	at org.junit.platform.launcher.core.DefaultLauncher.execute(DefaultLauncher.java:90)
	at org.junit.platform.console.tasks.ConsoleTestExecutor.executeTests(ConsoleTestExecutor.java:65)
	at org.junit.platform.console.tasks.ConsoleTestExecutor.lambda$execute$0(ConsoleTestExecutor.java:57)
	at org.junit.platform.console.tasks.CustomContextClassLoaderExecutor.invoke(CustomContextClassLoaderExecutor.java:33)
	at org.junit.platform.console.tasks.ConsoleTestExecutor.execute(ConsoleTestExecutor.java:57)
	at org.junit.platform.console.ConsoleLauncher.executeTests(ConsoleLauncher.java:84)
	at org.junit.platform.console.ConsoleLauncher.execute(ConsoleLauncher.java:74)
	at org.junit.platform.console.ConsoleLauncher.execute(ConsoleLauncher.java:47)
	at org.junit.platform.console.ConsoleLauncher.main(ConsoleLauncher.java:39)
]]></error>
<system-out><![CDATA[
unique-id: [engine:junit-jupiter]/[class:healthycoderapp.BMICalculatorTest]/[method:should_ReturnTrue_When_DietRecommended()]
display-name: should_ReturnTrue_When_DietRecommended()
]]></system-out>
</testcase>
<testcase name="should_ReturnNullWorstBmiCoder_When_inCoderWithWorstBMI()" classname="healthycoderapp.BMICalculatorTest" time="0.001">
<system-out><![CDATA[
unique-id: [engine:junit-jupiter]/[class:healthycoderapp.BMICalculatorTest]/[method:should_ReturnNullWorstBmiCoder_When_inCoderWithWorstBMI()]
display-name: should_ReturnNullWorstBmiCoder_When_inCoderWithWorstBMI()
]]></system-out>
</testcase>
<testcase name="should_ThrowException_When_HeightZero_InCoderList()" classname="healthycoderapp.BMICalculatorTest" time="0.002">
<system-out><![CDATA[
unique-id: [engine:junit-jupiter]/[class:healthycoderapp.BMICalculatorTest]/[method:should_ThrowException_When_HeightZero_InCoderList()]
display-name: should_ThrowException_When_HeightZero_InCoderList()
]]></system-out>
</testcase>
<testcase name="should_ThrowException_When_HeightZero()" classname="healthycoderapp.BMICalculatorTest" time="0.001">
<system-out><![CDATA[
unique-id: [engine:junit-jupiter]/[class:healthycoderapp.BMICalculatorTest]/[method:should_ThrowException_When_HeightZero()]
display-name: should_ThrowException_When_HeightZero()
]]></system-out>
</testcase>
<testcase name="should_ThrowException_When_HeightZero_InBmiScore()" classname="healthycoderapp.BMICalculatorTest" time="0">
<system-out><![CDATA[
unique-id: [engine:junit-jupiter]/[class:healthycoderapp.BMICalculatorTest]/[method:should_ThrowException_When_HeightZero_InBmiScore()]
display-name: should_ThrowException_When_HeightZero_InBmiScore()
]]></system-out>
</testcase>
<testcase name="should_ReturnFalse_When_DietRecommended()" classname="healthycoderapp.BMICalculatorTest" time="0.003">
<system-out><![CDATA[
unique-id: [engine:junit-jupiter]/[class:healthycoderapp.BMICalculatorTest]/[method:should_ReturnFalse_When_DietRecommended()]
display-name: should_ReturnFalse_When_DietRecommended()
]]></system-out>
</testcase>
<testcase name="should_ReturnCorrectDietPlan_When_CorrectCoder()" classname="healthycoderapp.DietPlannerTest" time="0.004">
<system-out><![CDATA[
unique-id: [engine:junit-jupiter]/[class:healthycoderapp.DietPlannerTest]/[method:should_ReturnCorrectDietPlan_When_CorrectCoder()]
display-name: should_ReturnCorrectDietPlan_When_CorrectCoder()
]]></system-out>
</testcase>
<testcase name="should_ReturnNewString_When_MainStringContainsSubString()" classname="com.im.FirstTest" time="0.002">
<system-out><![CDATA[
unique-id: [engine:junit-jupiter]/[class:com.im.FirstTest]/[method:should_ReturnNewString_When_MainStringContainsSubString()]
display-name: should_ReturnNewString_When_MainStringContainsSubString()
]]></system-out>
</testcase>
<testcase name="should_ReturnOddList_When_ListEvenElements()" classname="com.im.FirstTest" time="0">
<system-out><![CDATA[
unique-id: [engine:junit-jupiter]/[class:com.im.FirstTest]/[method:should_ReturnOddList_When_ListEvenElements()]
display-name: should_ReturnOddList_When_ListEvenElements()
]]></system-out>
</testcase>
<testcase name="should_ReturnMainString_When_MainStringNotContainsSubString()" classname="com.im.FirstTest" time="0">
<system-out><![CDATA[
unique-id: [engine:junit-jupiter]/[class:com.im.FirstTest]/[method:should_ReturnMainString_When_MainStringNotContainsSubString()]
display-name: should_ReturnMainString_When_MainStringNotContainsSubString()
]]></system-out>
</testcase>
<testcase name="should_ReturnFalse_When_IsNotPalindrome()" classname="com.im.FirstTest" time="0">
<system-out><![CDATA[
unique-id: [engine:junit-jupiter]/[class:com.im.FirstTest]/[method:should_ReturnFalse_When_IsNotPalindrome()]
display-name: should_ReturnFalse_When_IsNotPalindrome()
]]></system-out>
</testcase>
<testcase name="should_ReturnTrue_When_IsPalindrome()" classname="com.im.FirstTest" time="0.002">
<system-out><![CDATA[
unique-id: [engine:junit-jupiter]/[class:com.im.FirstTest]/[method:should_ReturnTrue_When_IsPalindrome()]
display-name: should_ReturnTrue_When_IsPalindrome()
]]></system-out>
</testcase>
<testcase name="should_ReturnCorrectAverage_when_ListIsNotEmpty()" classname="com.im.FirstTest" time="0.001">
<system-out><![CDATA[
unique-id: [engine:junit-jupiter]/[class:com.im.FirstTest]/[method:should_ReturnCorrectAverage_when_ListIsNotEmpty()]
display-name: should_ReturnCorrectAverage_when_ListIsNotEmpty()
]]></system-out>
</testcase>
<testcase name="should_ThrowException_when_ListIsEmpty()" classname="com.im.FirstTest" time="0.001">
<system-out><![CDATA[
unique-id: [engine:junit-jupiter]/[class:com.im.FirstTest]/[method:should_ThrowException_when_ListIsEmpty()]
display-name: should_ThrowException_when_ListIsEmpty()
]]></system-out>
</testcase>
<system-out><![CDATA[
unique-id: [engine:junit-jupiter]
display-name: JUnit Jupiter
]]></system-out>
</testsuite>
